<?xml version="1.0" encoding="UTF-8"?>
<testsuite xmlns:xsi="http://www.w3.org/2001/XMLSchema-instance" xsi:noNamespaceSchemaLocation="https://maven.apache.org/surefire/maven-surefire-plugin/xsd/surefire-test-report.xsd" name="com.nnk.springboot.PoseidenApplicationTest" time="6.552" tests="1" errors="0" skipped="0" failures="0">
  <properties>
    <property name="gopherProxySet" value="false"/>
    <property name="awt.toolkit" value="sun.lwawt.macosx.LWCToolkit"/>
    <property name="java.specification.version" value="11"/>
    <property name="sun.cpu.isalist" value=""/>
    <property name="sun.jnu.encoding" value="UTF-8"/>
    <property name="java.class.path" value="/Users/guillaumebrenot/Git/Poseiden-Inc/target/test-classes:/Users/guillaumebrenot/Git/Poseiden-Inc/target/classes:/Users/guillaumebrenot/.m2/repository/org/springframework/boot/spring-boot-starter-data-jpa/2.6.2/spring-boot-starter-data-jpa-2.6.2.jar:/Users/guillaumebrenot/.m2/repository/org/springframework/boot/spring-boot-starter-aop/2.6.2/spring-boot-starter-aop-2.6.2.jar:/Users/guillaumebrenot/.m2/repository/org/aspectj/aspectjweaver/1.9.7/aspectjweaver-1.9.7.jar:/Users/guillaumebrenot/.m2/repository/org/springframework/boot/spring-boot-starter-jdbc/2.6.2/spring-boot-starter-jdbc-2.6.2.jar:/Users/guillaumebrenot/.m2/repository/com/zaxxer/HikariCP/4.0.3/HikariCP-4.0.3.jar:/Users/guillaumebrenot/.m2/repository/org/springframework/spring-jdbc/5.3.14/spring-jdbc-5.3.14.jar:/Users/guillaumebrenot/.m2/repository/jakarta/transaction/jakarta.transaction-api/1.3.3/jakarta.transaction-api-1.3.3.jar:/Users/guillaumebrenot/.m2/repository/jakarta/persistence/jakarta.persistence-api/2.2.3/jakarta.persistence-api-2.2.3.jar:/Users/guillaumebrenot/.m2/repository/org/hibernate/hibernate-core/5.6.3.Final/hibernate-core-5.6.3.Final.jar:/Users/guillaumebrenot/.m2/repository/org/jboss/logging/jboss-logging/3.4.2.Final/jboss-logging-3.4.2.Final.jar:/Users/guillaumebrenot/.m2/repository/net/bytebuddy/byte-buddy/1.11.22/byte-buddy-1.11.22.jar:/Users/guillaumebrenot/.m2/repository/antlr/antlr/2.7.7/antlr-2.7.7.jar:/Users/guillaumebrenot/.m2/repository/org/jboss/jandex/2.2.3.Final/jandex-2.2.3.Final.jar:/Users/guillaumebrenot/.m2/repository/com/fasterxml/classmate/1.5.1/classmate-1.5.1.jar:/Users/guillaumebrenot/.m2/repository/org/hibernate/common/hibernate-commons-annotations/5.1.2.Final/hibernate-commons-annotations-5.1.2.Final.jar:/Users/guillaumebrenot/.m2/repository/org/glassfish/jaxb/jaxb-runtime/2.3.5/jaxb-runtime-2.3.5.jar:/Users/guillaumebrenot/.m2/repository/org/glassfish/jaxb/txw2/2.3.5/txw2-2.3.5.jar:/Users/guillaumebrenot/.m2/repository/com/sun/istack/istack-commons-runtime/3.0.12/istack-commons-runtime-3.0.12.jar:/Users/guillaumebrenot/.m2/repository/com/sun/activation/jakarta.activation/1.2.2/jakarta.activation-1.2.2.jar:/Users/guillaumebrenot/.m2/repository/org/springframework/data/spring-data-jpa/2.6.0/spring-data-jpa-2.6.0.jar:/Users/guillaumebrenot/.m2/repository/org/springframework/data/spring-data-commons/2.6.0/spring-data-commons-2.6.0.jar:/Users/guillaumebrenot/.m2/repository/org/springframework/spring-orm/5.3.14/spring-orm-5.3.14.jar:/Users/guillaumebrenot/.m2/repository/org/springframework/spring-context/5.3.14/spring-context-5.3.14.jar:/Users/guillaumebrenot/.m2/repository/org/springframework/spring-tx/5.3.14/spring-tx-5.3.14.jar:/Users/guillaumebrenot/.m2/repository/org/springframework/spring-beans/5.3.14/spring-beans-5.3.14.jar:/Users/guillaumebrenot/.m2/repository/org/springframework/spring-aspects/5.3.14/spring-aspects-5.3.14.jar:/Users/guillaumebrenot/.m2/repository/org/springframework/boot/spring-boot-starter-web/2.6.2/spring-boot-starter-web-2.6.2.jar:/Users/guillaumebrenot/.m2/repository/org/springframework/boot/spring-boot-starter/2.6.2/spring-boot-starter-2.6.2.jar:/Users/guillaumebrenot/.m2/repository/org/springframework/boot/spring-boot-starter-logging/2.6.2/spring-boot-starter-logging-2.6.2.jar:/Users/guillaumebrenot/.m2/repository/ch/qos/logback/logback-classic/1.2.9/logback-classic-1.2.9.jar:/Users/guillaumebrenot/.m2/repository/ch/qos/logback/logback-core/1.2.9/logback-core-1.2.9.jar:/Users/guillaumebrenot/.m2/repository/org/apache/logging/log4j/log4j-to-slf4j/2.17.0/log4j-to-slf4j-2.17.0.jar:/Users/guillaumebrenot/.m2/repository/org/apache/logging/log4j/log4j-api/2.17.0/log4j-api-2.17.0.jar:/Users/guillaumebrenot/.m2/repository/org/slf4j/jul-to-slf4j/1.7.32/jul-to-slf4j-1.7.32.jar:/Users/guillaumebrenot/.m2/repository/jakarta/annotation/jakarta.annotation-api/1.3.5/jakarta.annotation-api-1.3.5.jar:/Users/guillaumebrenot/.m2/repository/org/yaml/snakeyaml/1.29/snakeyaml-1.29.jar:/Users/guillaumebrenot/.m2/repository/org/springframework/boot/spring-boot-starter-json/2.6.2/spring-boot-starter-json-2.6.2.jar:/Users/guillaumebrenot/.m2/repository/com/fasterxml/jackson/core/jackson-databind/2.13.1/jackson-databind-2.13.1.jar:/Users/guillaumebrenot/.m2/repository/com/fasterxml/jackson/core/jackson-annotations/2.13.1/jackson-annotations-2.13.1.jar:/Users/guillaumebrenot/.m2/repository/com/fasterxml/jackson/core/jackson-core/2.13.1/jackson-core-2.13.1.jar:/Users/guillaumebrenot/.m2/repository/com/fasterxml/jackson/datatype/jackson-datatype-jdk8/2.13.1/jackson-datatype-jdk8-2.13.1.jar:/Users/guillaumebrenot/.m2/repository/com/fasterxml/jackson/datatype/jackson-datatype-jsr310/2.13.1/jackson-datatype-jsr310-2.13.1.jar:/Users/guillaumebrenot/.m2/repository/com/fasterxml/jackson/module/jackson-module-parameter-names/2.13.1/jackson-module-parameter-names-2.13.1.jar:/Users/guillaumebrenot/.m2/repository/org/springframework/boot/spring-boot-starter-tomcat/2.6.2/spring-boot-starter-tomcat-2.6.2.jar:/Users/guillaumebrenot/.m2/repository/org/apache/tomcat/embed/tomcat-embed-core/9.0.56/tomcat-embed-core-9.0.56.jar:/Users/guillaumebrenot/.m2/repository/org/apache/tomcat/embed/tomcat-embed-el/9.0.56/tomcat-embed-el-9.0.56.jar:/Users/guillaumebrenot/.m2/repository/org/apache/tomcat/embed/tomcat-embed-websocket/9.0.56/tomcat-embed-websocket-9.0.56.jar:/Users/guillaumebrenot/.m2/repository/org/springframework/spring-web/5.3.14/spring-web-5.3.14.jar:/Users/guillaumebrenot/.m2/repository/org/springframework/spring-webmvc/5.3.14/spring-webmvc-5.3.14.jar:/Users/guillaumebrenot/.m2/repository/org/springframework/spring-expression/5.3.14/spring-expression-5.3.14.jar:/Users/guillaumebrenot/.m2/repository/org/springframework/boot/spring-boot-starter-thymeleaf/2.6.2/spring-boot-starter-thymeleaf-2.6.2.jar:/Users/guillaumebrenot/.m2/repository/org/thymeleaf/thymeleaf-spring5/3.0.14.RELEASE/thymeleaf-spring5-3.0.14.RELEASE.jar:/Users/guillaumebrenot/.m2/repository/org/thymeleaf/thymeleaf/3.0.14.RELEASE/thymeleaf-3.0.14.RELEASE.jar:/Users/guillaumebrenot/.m2/repository/org/attoparser/attoparser/2.0.5.RELEASE/attoparser-2.0.5.RELEASE.jar:/Users/guillaumebrenot/.m2/repository/org/unbescape/unbescape/1.1.6.RELEASE/unbescape-1.1.6.RELEASE.jar:/Users/guillaumebrenot/.m2/repository/org/thymeleaf/extras/thymeleaf-extras-java8time/3.0.4.RELEASE/thymeleaf-extras-java8time-3.0.4.RELEASE.jar:/Users/guillaumebrenot/.m2/repository/org/thymeleaf/extras/thymeleaf-extras-springsecurity5/3.0.4.RELEASE/thymeleaf-extras-springsecurity5-3.0.4.RELEASE.jar:/Users/guillaumebrenot/.m2/repository/org/slf4j/slf4j-api/1.7.32/slf4j-api-1.7.32.jar:/Users/guillaumebrenot/.m2/repository/org/springframework/boot/spring-boot-starter-security/2.6.2/spring-boot-starter-security-2.6.2.jar:/Users/guillaumebrenot/.m2/repository/org/springframework/spring-aop/5.3.14/spring-aop-5.3.14.jar:/Users/guillaumebrenot/.m2/repository/org/springframework/security/spring-security-config/5.6.1/spring-security-config-5.6.1.jar:/Users/guillaumebrenot/.m2/repository/org/springframework/security/spring-security-web/5.6.1/spring-security-web-5.6.1.jar:/Users/guillaumebrenot/.m2/repository/org/springframework/security/spring-security-oauth2-client/5.6.2/spring-security-oauth2-client-5.6.2.jar:/Users/guillaumebrenot/.m2/repository/org/springframework/security/spring-security-core/5.6.1/spring-security-core-5.6.1.jar:/Users/guillaumebrenot/.m2/repository/org/springframework/security/spring-security-crypto/5.6.1/spring-security-crypto-5.6.1.jar:/Users/guillaumebrenot/.m2/repository/org/springframework/security/spring-security-oauth2-core/5.6.1/spring-security-oauth2-core-5.6.1.jar:/Users/guillaumebrenot/.m2/repository/org/springframework/spring-core/5.3.14/spring-core-5.3.14.jar:/Users/guillaumebrenot/.m2/repository/org/springframework/spring-jcl/5.3.14/spring-jcl-5.3.14.jar:/Users/guillaumebrenot/.m2/repository/com/nimbusds/oauth2-oidc-sdk/9.19/oauth2-oidc-sdk-9.19.jar:/Users/guillaumebrenot/.m2/repository/com/github/stephenc/jcip/jcip-annotations/1.0-1/jcip-annotations-1.0-1.jar:/Users/guillaumebrenot/.m2/repository/com/nimbusds/content-type/2.1/content-type-2.1.jar:/Users/guillaumebrenot/.m2/repository/net/minidev/json-smart/2.4.7/json-smart-2.4.7.jar:/Users/guillaumebrenot/.m2/repository/net/minidev/accessors-smart/2.4.7/accessors-smart-2.4.7.jar:/Users/guillaumebrenot/.m2/repository/com/nimbusds/lang-tag/1.5/lang-tag-1.5.jar:/Users/guillaumebrenot/.m2/repository/com/nimbusds/nimbus-jose-jwt/9.14/nimbus-jose-jwt-9.14.jar:/Users/guillaumebrenot/.m2/repository/org/springframework/boot/spring-boot-starter-test/2.6.2/spring-boot-starter-test-2.6.2.jar:/Users/guillaumebrenot/.m2/repository/org/springframework/boot/spring-boot-test-autoconfigure/2.6.2/spring-boot-test-autoconfigure-2.6.2.jar:/Users/guillaumebrenot/.m2/repository/com/jayway/jsonpath/json-path/2.6.0/json-path-2.6.0.jar:/Users/guillaumebrenot/.m2/repository/jakarta/xml/bind/jakarta.xml.bind-api/2.3.3/jakarta.xml.bind-api-2.3.3.jar:/Users/guillaumebrenot/.m2/repository/jakarta/activation/jakarta.activation-api/1.2.2/jakarta.activation-api-1.2.2.jar:/Users/guillaumebrenot/.m2/repository/org/assertj/assertj-core/3.21.0/assertj-core-3.21.0.jar:/Users/guillaumebrenot/.m2/repository/org/hamcrest/hamcrest/2.2/hamcrest-2.2.jar:/Users/guillaumebrenot/.m2/repository/org/junit/jupiter/junit-jupiter/5.8.2/junit-jupiter-5.8.2.jar:/Users/guillaumebrenot/.m2/repository/org/junit/jupiter/junit-jupiter-api/5.8.2/junit-jupiter-api-5.8.2.jar:/Users/guillaumebrenot/.m2/repository/org/opentest4j/opentest4j/1.2.0/opentest4j-1.2.0.jar:/Users/guillaumebrenot/.m2/repository/org/junit/platform/junit-platform-commons/1.8.2/junit-platform-commons-1.8.2.jar:/Users/guillaumebrenot/.m2/repository/org/junit/jupiter/junit-jupiter-params/5.8.2/junit-jupiter-params-5.8.2.jar:/Users/guillaumebrenot/.m2/repository/org/junit/jupiter/junit-jupiter-engine/5.8.2/junit-jupiter-engine-5.8.2.jar:/Users/guillaumebrenot/.m2/repository/org/mockito/mockito-core/4.0.0/mockito-core-4.0.0.jar:/Users/guillaumebrenot/.m2/repository/net/bytebuddy/byte-buddy-agent/1.11.22/byte-buddy-agent-1.11.22.jar:/Users/guillaumebrenot/.m2/repository/org/objenesis/objenesis/3.2/objenesis-3.2.jar:/Users/guillaumebrenot/.m2/repository/org/mockito/mockito-junit-jupiter/4.0.0/mockito-junit-jupiter-4.0.0.jar:/Users/guillaumebrenot/.m2/repository/org/skyscreamer/jsonassert/1.5.0/jsonassert-1.5.0.jar:/Users/guillaumebrenot/.m2/repository/com/vaadin/external/google/android-json/0.0.20131108.vaadin1/android-json-0.0.20131108.vaadin1.jar:/Users/guillaumebrenot/.m2/repository/org/springframework/spring-test/5.3.14/spring-test-5.3.14.jar:/Users/guillaumebrenot/.m2/repository/org/xmlunit/xmlunit-core/2.8.4/xmlunit-core-2.8.4.jar:/Users/guillaumebrenot/.m2/repository/org/springframework/boot/spring-boot-devtools/2.6.2/spring-boot-devtools-2.6.2.jar:/Users/guillaumebrenot/.m2/repository/org/springframework/boot/spring-boot/2.6.2/spring-boot-2.6.2.jar:/Users/guillaumebrenot/.m2/repository/org/springframework/boot/spring-boot-autoconfigure/2.6.2/spring-boot-autoconfigure-2.6.2.jar:/Users/guillaumebrenot/.m2/repository/mysql/mysql-connector-java/8.0.27/mysql-connector-java-8.0.27.jar:/Users/guillaumebrenot/.m2/repository/org/springframework/boot/spring-boot-test/2.6.2/spring-boot-test-2.6.2.jar:/Users/guillaumebrenot/.m2/repository/org/springframework/security/spring-security-test/5.6.2/spring-security-test-5.6.2.jar:/Users/guillaumebrenot/.m2/repository/com/h2database/h2/1.4.200/h2-1.4.200.jar:/Users/guillaumebrenot/.m2/repository/javax/validation/validation-api/2.0.1.Final/validation-api-2.0.1.Final.jar:/Users/guillaumebrenot/.m2/repository/org/passay/passay/1.6.1/passay-1.6.1.jar:/Users/guillaumebrenot/.m2/repository/org/jetbrains/annotations/23.0.0/annotations-23.0.0.jar:/Users/guillaumebrenot/.m2/repository/junit/junit/4.13.2/junit-4.13.2.jar:/Users/guillaumebrenot/.m2/repository/org/hamcrest/hamcrest-core/2.2/hamcrest-core-2.2.jar:/Users/guillaumebrenot/.m2/repository/org/junit/platform/junit-platform-surefire-provider/1.3.2/junit-platform-surefire-provider-1.3.2.jar:/Users/guillaumebrenot/.m2/repository/org/apiguardian/apiguardian-api/1.0.0/apiguardian-api-1.0.0.jar:/Users/guillaumebrenot/.m2/repository/org/junit/platform/junit-platform-launcher/1.8.2/junit-platform-launcher-1.8.2.jar:/Users/guillaumebrenot/.m2/repository/org/junit/platform/junit-platform-engine/1.8.2/junit-platform-engine-1.8.2.jar:/Users/guillaumebrenot/.m2/repository/org/apache/maven/surefire/surefire-api/2.22.0/surefire-api-2.22.0.jar:/Users/guillaumebrenot/.m2/repository/org/apache/maven/surefire/surefire-logger-api/2.22.0/surefire-logger-api-2.22.0.jar:/Users/guillaumebrenot/.m2/repository/org/apache/maven/surefire/common-java5/2.22.0/common-java5-2.22.0.jar:/Users/guillaumebrenot/.m2/repository/org/apache/maven/plugins/maven-assembly-plugin/3.3.0/maven-assembly-plugin-3.3.0.jar:/Users/guillaumebrenot/.m2/repository/org/apache/maven/maven-plugin-api/3.0/maven-plugin-api-3.0.jar:/Users/guillaumebrenot/.m2/repository/org/sonatype/sisu/sisu-inject-plexus/1.4.2/sisu-inject-plexus-1.4.2.jar:/Users/guillaumebrenot/.m2/repository/org/sonatype/sisu/sisu-inject-bean/1.4.2/sisu-inject-bean-1.4.2.jar:/Users/guillaumebrenot/.m2/repository/org/sonatype/sisu/sisu-guice/2.1.7/sisu-guice-2.1.7-noaop.jar:/Users/guillaumebrenot/.m2/repository/org/apache/maven/maven-core/3.0/maven-core-3.0.jar:/Users/guillaumebrenot/.m2/repository/org/apache/maven/maven-settings-builder/3.0/maven-settings-builder-3.0.jar:/Users/guillaumebrenot/.m2/repository/org/apache/maven/maven-model-builder/3.0/maven-model-builder-3.0.jar:/Users/guillaumebrenot/.m2/repository/org/apache/maven/maven-aether-provider/3.0/maven-aether-provider-3.0.jar:/Users/guillaumebrenot/.m2/repository/org/sonatype/aether/aether-impl/1.7/aether-impl-1.7.jar:/Users/guillaumebrenot/.m2/repository/org/sonatype/aether/aether-spi/1.7/aether-spi-1.7.jar:/Users/guillaumebrenot/.m2/repository/org/sonatype/aether/aether-api/1.7/aether-api-1.7.jar:/Users/guillaumebrenot/.m2/repository/org/sonatype/aether/aether-util/1.7/aether-util-1.7.jar:/Users/guillaumebrenot/.m2/repository/org/codehaus/plexus/plexus-classworlds/2.2.3/plexus-classworlds-2.2.3.jar:/Users/guillaumebrenot/.m2/repository/org/codehaus/plexus/plexus-component-annotations/1.5.5/plexus-component-annotations-1.5.5.jar:/Users/guillaumebrenot/.m2/repository/org/sonatype/plexus/plexus-sec-dispatcher/1.3/plexus-sec-dispatcher-1.3.jar:/Users/guillaumebrenot/.m2/repository/org/sonatype/plexus/plexus-cipher/1.4/plexus-cipher-1.4.jar:/Users/guillaumebrenot/.m2/repository/org/apache/maven/maven-artifact/3.0/maven-artifact-3.0.jar:/Users/guillaumebrenot/.m2/repository/org/apache/maven/maven-model/3.0/maven-model-3.0.jar:/Users/guillaumebrenot/.m2/repository/org/apache/maven/shared/maven-common-artifact-filters/3.1.0/maven-common-artifact-filters-3.1.0.jar:/Users/guillaumebrenot/.m2/repository/org/apache/maven/shared/maven-artifact-transfer/0.11.0/maven-artifact-transfer-0.11.0.jar:/Users/guillaumebrenot/.m2/repository/org/codehaus/plexus/plexus-interpolation/1.25/plexus-interpolation-1.25.jar:/Users/guillaumebrenot/.m2/repository/org/codehaus/plexus/plexus-archiver/4.2.1/plexus-archiver-4.2.1.jar:/Users/guillaumebrenot/.m2/repository/org/apache/commons/commons-compress/1.19/commons-compress-1.19.jar:/Users/guillaumebrenot/.m2/repository/org/iq80/snappy/snappy/0.4/snappy-0.4.jar:/Users/guillaumebrenot/.m2/repository/org/tukaani/xz/1.8/xz-1.8.jar:/Users/guillaumebrenot/.m2/repository/org/apache/maven/shared/file-management/3.0.0/file-management-3.0.0.jar:/Users/guillaumebrenot/.m2/repository/org/apache/maven/shared/maven-shared-io/3.0.0/maven-shared-io-3.0.0.jar:/Users/guillaumebrenot/.m2/repository/org/apache/maven/maven-compat/3.0/maven-compat-3.0.jar:/Users/guillaumebrenot/.m2/repository/org/apache/maven/wagon/wagon-provider-api/2.10/wagon-provider-api-2.10.jar:/Users/guillaumebrenot/.m2/repository/commons-io/commons-io/2.5/commons-io-2.5.jar:/Users/guillaumebrenot/.m2/repository/org/apache/maven/shared/maven-filtering/3.1.1/maven-filtering-3.1.1.jar:/Users/guillaumebrenot/.m2/repository/org/sonatype/plexus/plexus-build-api/0.0.7/plexus-build-api-0.0.7.jar:/Users/guillaumebrenot/.m2/repository/org/codehaus/plexus/plexus-io/3.2.0/plexus-io-3.2.0.jar:/Users/guillaumebrenot/.m2/repository/org/apache/maven/maven-archiver/3.5.0/maven-archiver-3.5.0.jar:/Users/guillaumebrenot/.m2/repository/org/codehaus/plexus/plexus-utils/3.3.0/plexus-utils-3.3.0.jar:/Users/guillaumebrenot/.m2/repository/commons-codec/commons-codec/1.15/commons-codec-1.15.jar:/Users/guillaumebrenot/.m2/repository/org/apache/maven/plugins/maven-project-info-reports-plugin/3.2.2/maven-project-info-reports-plugin-3.2.2.jar:/Users/guillaumebrenot/.m2/repository/org/apache/maven/reporting/maven-reporting-api/3.1.0/maven-reporting-api-3.1.0.jar:/Users/guillaumebrenot/.m2/repository/org/apache/maven/reporting/maven-reporting-impl/3.1.0/maven-reporting-impl-3.1.0.jar:/Users/guillaumebrenot/.m2/repository/org/apache/maven/maven-repository-metadata/3.0/maven-repository-metadata-3.0.jar:/Users/guillaumebrenot/.m2/repository/org/apache/maven/maven-settings/3.0/maven-settings-3.0.jar:/Users/guillaumebrenot/.m2/repository/org/apache/maven/shared/maven-dependency-tree/2.2/maven-dependency-tree-2.2.jar:/Users/guillaumebrenot/.m2/repository/org/eclipse/aether/aether-util/0.9.0.M2/aether-util-0.9.0.M2.jar:/Users/guillaumebrenot/.m2/repository/org/apache/maven/shared/maven-shared-utils/3.3.3/maven-shared-utils-3.3.3.jar:/Users/guillaumebrenot/.m2/repository/org/apache/maven/shared/maven-shared-jar/1.2/maven-shared-jar-1.2.jar:/Users/guillaumebrenot/.m2/repository/org/codehaus/plexus/plexus-digest/1.0/plexus-digest-1.0.jar:/Users/guillaumebrenot/.m2/repository/org/apache/bcel/bcel/6.2/bcel-6.2.jar:/Users/guillaumebrenot/.m2/repository/org/apache/maven/scm/maven-scm-api/1.12.2/maven-scm-api-1.12.2.jar:/Users/guillaumebrenot/.m2/repository/org/apache/maven/scm/maven-scm-manager-plexus/1.12.2/maven-scm-manager-plexus-1.12.2.jar:/Users/guillaumebrenot/.m2/repository/org/apache/maven/scm/maven-scm-provider-hg/1.12.2/maven-scm-provider-hg-1.12.2.jar:/Users/guillaumebrenot/.m2/repository/org/apache/maven/scm/maven-scm-provider-perforce/1.12.2/maven-scm-provider-perforce-1.12.2.jar:/Users/guillaumebrenot/.m2/repository/org/apache/maven/scm/maven-scm-provider-starteam/1.12.2/maven-scm-provider-starteam-1.12.2.jar:/Users/guillaumebrenot/.m2/repository/org/apache/maven/scm/maven-scm-provider-svn-commons/1.12.2/maven-scm-provider-svn-commons-1.12.2.jar:/Users/guillaumebrenot/.m2/repository/org/apache/maven/scm/maven-scm-provider-svnexe/1.12.2/maven-scm-provider-svnexe-1.12.2.jar:/Users/guillaumebrenot/.m2/repository/org/apache/maven/scm/maven-scm-provider-cvs-commons/1.12.2/maven-scm-provider-cvs-commons-1.12.2.jar:/Users/guillaumebrenot/.m2/repository/org/apache/maven/scm/maven-scm-provider-cvsexe/1.12.2/maven-scm-provider-cvsexe-1.12.2.jar:/Users/guillaumebrenot/.m2/repository/org/apache/maven/scm/maven-scm-provider-cvsjava/1.12.2/maven-scm-provider-cvsjava-1.12.2.jar:/Users/guillaumebrenot/.m2/repository/org/netbeans/lib/cvsclient/20060125/cvsclient-20060125.jar:/Users/guillaumebrenot/.m2/repository/ch/ethz/ganymed/ganymed-ssh2/build210/ganymed-ssh2-build210.jar:/Users/guillaumebrenot/.m2/repository/org/apache/maven/scm/maven-scm-provider-git-commons/1.12.2/maven-scm-provider-git-commons-1.12.2.jar:/Users/guillaumebrenot/.m2/repository/org/apache/maven/scm/maven-scm-provider-gitexe/1.12.2/maven-scm-provider-gitexe-1.12.2.jar:/Users/guillaumebrenot/.m2/repository/org/apache/maven/doxia/doxia-sink-api/1.11.1/doxia-sink-api-1.11.1.jar:/Users/guillaumebrenot/.m2/repository/org/apache/maven/doxia/doxia-logging-api/1.11.1/doxia-logging-api-1.11.1.jar:/Users/guillaumebrenot/.m2/repository/org/apache/maven/doxia/doxia-core/1.11.1/doxia-core-1.11.1.jar:/Users/guillaumebrenot/.m2/repository/org/apache/commons/commons-text/1.3/commons-text-1.3.jar:/Users/guillaumebrenot/.m2/repository/org/apache/httpcomponents/httpclient/4.5.13/httpclient-4.5.13.jar:/Users/guillaumebrenot/.m2/repository/org/apache/httpcomponents/httpcore/4.4.15/httpcore-4.4.15.jar:/Users/guillaumebrenot/.m2/repository/org/apache/maven/doxia/doxia-decoration-model/1.11.1/doxia-decoration-model-1.11.1.jar:/Users/guillaumebrenot/.m2/repository/org/apache/maven/doxia/doxia-site-renderer/1.11.1/doxia-site-renderer-1.11.1.jar:/Users/guillaumebrenot/.m2/repository/org/apache/maven/doxia/doxia-skin-model/1.11.1/doxia-skin-model-1.11.1.jar:/Users/guillaumebrenot/.m2/repository/org/apache/maven/doxia/doxia-module-xhtml/1.11.1/doxia-module-xhtml-1.11.1.jar:/Users/guillaumebrenot/.m2/repository/org/apache/maven/doxia/doxia-module-xhtml5/1.11.1/doxia-module-xhtml5-1.11.1.jar:/Users/guillaumebrenot/.m2/repository/org/codehaus/plexus/plexus-velocity/1.2/plexus-velocity-1.2.jar:/Users/guillaumebrenot/.m2/repository/org/apache/velocity/velocity/1.7/velocity-1.7.jar:/Users/guillaumebrenot/.m2/repository/org/apache/velocity/velocity-tools/2.0/velocity-tools-2.0.jar:/Users/guillaumebrenot/.m2/repository/dom4j/dom4j/1.1/dom4j-1.1.jar:/Users/guillaumebrenot/.m2/repository/oro/oro/2.0.8/oro-2.0.8.jar:/Users/guillaumebrenot/.m2/repository/org/apache/maven/doxia/doxia-integration-tools/1.11.1/doxia-integration-tools-1.11.1.jar:/Users/guillaumebrenot/.m2/repository/org/codehaus/plexus/plexus-i18n/1.0-beta-10/plexus-i18n-1.0-beta-10.jar:/Users/guillaumebrenot/.m2/repository/commons-validator/commons-validator/1.7/commons-validator-1.7.jar:/Users/guillaumebrenot/.m2/repository/commons-logging/commons-logging/1.2/commons-logging-1.2.jar:/Users/guillaumebrenot/.m2/repository/com/github/spotbugs/spotbugs-maven-plugin/4.6.0.0/spotbugs-maven-plugin-4.6.0.0.jar:/Users/guillaumebrenot/.m2/repository/com/github/spotbugs/spotbugs/4.6.0/spotbugs-4.6.0.jar:/Users/guillaumebrenot/.m2/repository/net/jcip/jcip-annotations/1.0/jcip-annotations-1.0.jar:/Users/guillaumebrenot/.m2/repository/org/dom4j/dom4j/2.1.3/dom4j-2.1.3.jar:/Users/guillaumebrenot/.m2/repository/com/github/spotbugs/spotbugs-annotations/4.6.0/spotbugs-annotations-4.6.0.jar:/Users/guillaumebrenot/.m2/repository/com/google/code/findbugs/jsr305/3.0.2/jsr305-3.0.2.jar:/Users/guillaumebrenot/.m2/repository/com/google/code/gson/gson/2.8.9/gson-2.8.9.jar:/Users/guillaumebrenot/.m2/repository/jaxen/jaxen/1.2.0/jaxen-1.2.0.jar:/Users/guillaumebrenot/.m2/repository/net/sf/saxon/Saxon-HE/10.6/Saxon-HE-10.6.jar:/Users/guillaumebrenot/.m2/repository/org/slf4j/jcl-over-slf4j/1.7.32/jcl-over-slf4j-1.7.32.jar:/Users/guillaumebrenot/.m2/repository/org/slf4j/slf4j-simple/1.7.32/slf4j-simple-1.7.32.jar:/Users/guillaumebrenot/.m2/repository/org/apache/ant/ant/1.10.12/ant-1.10.12.jar:/Users/guillaumebrenot/.m2/repository/org/apache/ant/ant-launcher/1.10.12/ant-launcher-1.10.12.jar:/Users/guillaumebrenot/.m2/repository/org/apache/groovy/groovy/4.0.1/groovy-4.0.1.jar:/Users/guillaumebrenot/.m2/repository/org/apache/groovy/groovy-ant/4.0.1/groovy-ant-4.0.1.jar:/Users/guillaumebrenot/.m2/repository/org/apache/groovy/groovy-groovydoc/4.0.1/groovy-groovydoc-4.0.1.jar:/Users/guillaumebrenot/.m2/repository/org/apache/groovy/groovy-dateutil/4.0.1/groovy-dateutil-4.0.1.jar:/Users/guillaumebrenot/.m2/repository/org/apache/groovy/groovy-docgenerator/4.0.1/groovy-docgenerator-4.0.1.jar:/Users/guillaumebrenot/.m2/repository/com/thoughtworks/qdox/qdox/1.12.1/qdox-1.12.1.jar:/Users/guillaumebrenot/.m2/repository/org/apache/groovy/groovy-json/4.0.1/groovy-json-4.0.1.jar:/Users/guillaumebrenot/.m2/repository/org/apache/groovy/groovy-templates/4.0.1/groovy-templates-4.0.1.jar:/Users/guillaumebrenot/.m2/repository/org/apache/groovy/groovy-xml/4.0.1/groovy-xml-4.0.1.jar:/Users/guillaumebrenot/.m2/repository/commons-beanutils/commons-beanutils/1.9.4/commons-beanutils-1.9.4.jar:/Users/guillaumebrenot/.m2/repository/commons-chain/commons-chain/1.2/commons-chain-1.2.jar:/Users/guillaumebrenot/.m2/repository/commons-collections/commons-collections/3.2.2/commons-collections-3.2.2.jar:/Users/guillaumebrenot/.m2/repository/commons-digester/commons-digester/2.1/commons-digester-2.1.jar:/Users/guillaumebrenot/.m2/repository/commons-lang/commons-lang/2.6/commons-lang-2.6.jar:/Users/guillaumebrenot/.m2/repository/org/apache/commons/commons-lang3/3.12.0/commons-lang3-3.12.0.jar:/Users/guillaumebrenot/.m2/repository/org/codehaus/plexus/plexus-container-default/2.1.1/plexus-container-default-2.1.1.jar:/Users/guillaumebrenot/.m2/repository/org/apache/xbean/xbean-reflect/3.7/xbean-reflect-3.7.jar:/Users/guillaumebrenot/.m2/repository/org/codehaus/plexus/plexus-resources/1.2.0/plexus-resources-1.2.0.jar:/Users/guillaumebrenot/.m2/repository/javax/inject/javax.inject/1/javax.inject-1.jar:/Users/guillaumebrenot/.m2/repository/org/ow2/asm/asm/9.2/asm-9.2.jar:/Users/guillaumebrenot/.m2/repository/org/ow2/asm/asm-analysis/9.2/asm-analysis-9.2.jar:/Users/guillaumebrenot/.m2/repository/org/ow2/asm/asm-commons/9.2/asm-commons-9.2.jar:/Users/guillaumebrenot/.m2/repository/org/ow2/asm/asm-tree/9.2/asm-tree-9.2.jar:/Users/guillaumebrenot/.m2/repository/org/ow2/asm/asm-util/9.2/asm-util-9.2.jar:/Users/guillaumebrenot/.m2/repository/org/jacoco/jacoco-maven-plugin/0.8.7/jacoco-maven-plugin-0.8.7.jar:/Users/guillaumebrenot/.m2/repository/org/jacoco/org.jacoco.agent/0.8.7/org.jacoco.agent-0.8.7-runtime.jar:/Users/guillaumebrenot/.m2/repository/org/jacoco/org.jacoco.core/0.8.7/org.jacoco.core-0.8.7.jar:/Users/guillaumebrenot/.m2/repository/org/jacoco/org.jacoco.report/0.8.7/org.jacoco.report-0.8.7.jar:"/>
    <property name="java.vm.vendor" value="AdoptOpenJDK"/>
    <property name="sun.arch.data.model" value="64"/>
    <property name="java.vendor.url" value="https://adoptopenjdk.net/"/>
    <property name="user.timezone" value=""/>
    <property name="java.vm.specification.version" value="11"/>
    <property name="os.name" value="Mac OS X"/>
    <property name="sun.java.launcher" value="SUN_STANDARD"/>
    <property name="user.country" value="FR"/>
    <property name="sun.boot.library.path" value="/Library/Java/JavaVirtualMachines/adoptopenjdk-11.jdk/Contents/Home/lib"/>
    <property name="sun.java.command" value="/Users/guillaumebrenot/Git/Poseiden-Inc/target/surefire/surefirebooter15789282824188136141.jar /Users/guillaumebrenot/Git/Poseiden-Inc/target/surefire 2022-04-09T18-31-56_265-jvmRun1 surefire8277275445753983000tmp surefire_03680631491472652829tmp"/>
    <property name="http.nonProxyHosts" value="local|*.local|169.254/16|*.169.254/16"/>
    <property name="jdk.debug" value="release"/>
    <property name="surefire.test.class.path" value="/Users/guillaumebrenot/Git/Poseiden-Inc/target/test-classes:/Users/guillaumebrenot/Git/Poseiden-Inc/target/classes:/Users/guillaumebrenot/.m2/repository/org/springframework/boot/spring-boot-starter-data-jpa/2.6.2/spring-boot-starter-data-jpa-2.6.2.jar:/Users/guillaumebrenot/.m2/repository/org/springframework/boot/spring-boot-starter-aop/2.6.2/spring-boot-starter-aop-2.6.2.jar:/Users/guillaumebrenot/.m2/repository/org/aspectj/aspectjweaver/1.9.7/aspectjweaver-1.9.7.jar:/Users/guillaumebrenot/.m2/repository/org/springframework/boot/spring-boot-starter-jdbc/2.6.2/spring-boot-starter-jdbc-2.6.2.jar:/Users/guillaumebrenot/.m2/repository/com/zaxxer/HikariCP/4.0.3/HikariCP-4.0.3.jar:/Users/guillaumebrenot/.m2/repository/org/springframework/spring-jdbc/5.3.14/spring-jdbc-5.3.14.jar:/Users/guillaumebrenot/.m2/repository/jakarta/transaction/jakarta.transaction-api/1.3.3/jakarta.transaction-api-1.3.3.jar:/Users/guillaumebrenot/.m2/repository/jakarta/persistence/jakarta.persistence-api/2.2.3/jakarta.persistence-api-2.2.3.jar:/Users/guillaumebrenot/.m2/repository/org/hibernate/hibernate-core/5.6.3.Final/hibernate-core-5.6.3.Final.jar:/Users/guillaumebrenot/.m2/repository/org/jboss/logging/jboss-logging/3.4.2.Final/jboss-logging-3.4.2.Final.jar:/Users/guillaumebrenot/.m2/repository/net/bytebuddy/byte-buddy/1.11.22/byte-buddy-1.11.22.jar:/Users/guillaumebrenot/.m2/repository/antlr/antlr/2.7.7/antlr-2.7.7.jar:/Users/guillaumebrenot/.m2/repository/org/jboss/jandex/2.2.3.Final/jandex-2.2.3.Final.jar:/Users/guillaumebrenot/.m2/repository/com/fasterxml/classmate/1.5.1/classmate-1.5.1.jar:/Users/guillaumebrenot/.m2/repository/org/hibernate/common/hibernate-commons-annotations/5.1.2.Final/hibernate-commons-annotations-5.1.2.Final.jar:/Users/guillaumebrenot/.m2/repository/org/glassfish/jaxb/jaxb-runtime/2.3.5/jaxb-runtime-2.3.5.jar:/Users/guillaumebrenot/.m2/repository/org/glassfish/jaxb/txw2/2.3.5/txw2-2.3.5.jar:/Users/guillaumebrenot/.m2/repository/com/sun/istack/istack-commons-runtime/3.0.12/istack-commons-runtime-3.0.12.jar:/Users/guillaumebrenot/.m2/repository/com/sun/activation/jakarta.activation/1.2.2/jakarta.activation-1.2.2.jar:/Users/guillaumebrenot/.m2/repository/org/springframework/data/spring-data-jpa/2.6.0/spring-data-jpa-2.6.0.jar:/Users/guillaumebrenot/.m2/repository/org/springframework/data/spring-data-commons/2.6.0/spring-data-commons-2.6.0.jar:/Users/guillaumebrenot/.m2/repository/org/springframework/spring-orm/5.3.14/spring-orm-5.3.14.jar:/Users/guillaumebrenot/.m2/repository/org/springframework/spring-context/5.3.14/spring-context-5.3.14.jar:/Users/guillaumebrenot/.m2/repository/org/springframework/spring-tx/5.3.14/spring-tx-5.3.14.jar:/Users/guillaumebrenot/.m2/repository/org/springframework/spring-beans/5.3.14/spring-beans-5.3.14.jar:/Users/guillaumebrenot/.m2/repository/org/springframework/spring-aspects/5.3.14/spring-aspects-5.3.14.jar:/Users/guillaumebrenot/.m2/repository/org/springframework/boot/spring-boot-starter-web/2.6.2/spring-boot-starter-web-2.6.2.jar:/Users/guillaumebrenot/.m2/repository/org/springframework/boot/spring-boot-starter/2.6.2/spring-boot-starter-2.6.2.jar:/Users/guillaumebrenot/.m2/repository/org/springframework/boot/spring-boot-starter-logging/2.6.2/spring-boot-starter-logging-2.6.2.jar:/Users/guillaumebrenot/.m2/repository/ch/qos/logback/logback-classic/1.2.9/logback-classic-1.2.9.jar:/Users/guillaumebrenot/.m2/repository/ch/qos/logback/logback-core/1.2.9/logback-core-1.2.9.jar:/Users/guillaumebrenot/.m2/repository/org/apache/logging/log4j/log4j-to-slf4j/2.17.0/log4j-to-slf4j-2.17.0.jar:/Users/guillaumebrenot/.m2/repository/org/apache/logging/log4j/log4j-api/2.17.0/log4j-api-2.17.0.jar:/Users/guillaumebrenot/.m2/repository/org/slf4j/jul-to-slf4j/1.7.32/jul-to-slf4j-1.7.32.jar:/Users/guillaumebrenot/.m2/repository/jakarta/annotation/jakarta.annotation-api/1.3.5/jakarta.annotation-api-1.3.5.jar:/Users/guillaumebrenot/.m2/repository/org/yaml/snakeyaml/1.29/snakeyaml-1.29.jar:/Users/guillaumebrenot/.m2/repository/org/springframework/boot/spring-boot-starter-json/2.6.2/spring-boot-starter-json-2.6.2.jar:/Users/guillaumebrenot/.m2/repository/com/fasterxml/jackson/core/jackson-databind/2.13.1/jackson-databind-2.13.1.jar:/Users/guillaumebrenot/.m2/repository/com/fasterxml/jackson/core/jackson-annotations/2.13.1/jackson-annotations-2.13.1.jar:/Users/guillaumebrenot/.m2/repository/com/fasterxml/jackson/core/jackson-core/2.13.1/jackson-core-2.13.1.jar:/Users/guillaumebrenot/.m2/repository/com/fasterxml/jackson/datatype/jackson-datatype-jdk8/2.13.1/jackson-datatype-jdk8-2.13.1.jar:/Users/guillaumebrenot/.m2/repository/com/fasterxml/jackson/datatype/jackson-datatype-jsr310/2.13.1/jackson-datatype-jsr310-2.13.1.jar:/Users/guillaumebrenot/.m2/repository/com/fasterxml/jackson/module/jackson-module-parameter-names/2.13.1/jackson-module-parameter-names-2.13.1.jar:/Users/guillaumebrenot/.m2/repository/org/springframework/boot/spring-boot-starter-tomcat/2.6.2/spring-boot-starter-tomcat-2.6.2.jar:/Users/guillaumebrenot/.m2/repository/org/apache/tomcat/embed/tomcat-embed-core/9.0.56/tomcat-embed-core-9.0.56.jar:/Users/guillaumebrenot/.m2/repository/org/apache/tomcat/embed/tomcat-embed-el/9.0.56/tomcat-embed-el-9.0.56.jar:/Users/guillaumebrenot/.m2/repository/org/apache/tomcat/embed/tomcat-embed-websocket/9.0.56/tomcat-embed-websocket-9.0.56.jar:/Users/guillaumebrenot/.m2/repository/org/springframework/spring-web/5.3.14/spring-web-5.3.14.jar:/Users/guillaumebrenot/.m2/repository/org/springframework/spring-webmvc/5.3.14/spring-webmvc-5.3.14.jar:/Users/guillaumebrenot/.m2/repository/org/springframework/spring-expression/5.3.14/spring-expression-5.3.14.jar:/Users/guillaumebrenot/.m2/repository/org/springframework/boot/spring-boot-starter-thymeleaf/2.6.2/spring-boot-starter-thymeleaf-2.6.2.jar:/Users/guillaumebrenot/.m2/repository/org/thymeleaf/thymeleaf-spring5/3.0.14.RELEASE/thymeleaf-spring5-3.0.14.RELEASE.jar:/Users/guillaumebrenot/.m2/repository/org/thymeleaf/thymeleaf/3.0.14.RELEASE/thymeleaf-3.0.14.RELEASE.jar:/Users/guillaumebrenot/.m2/repository/org/attoparser/attoparser/2.0.5.RELEASE/attoparser-2.0.5.RELEASE.jar:/Users/guillaumebrenot/.m2/repository/org/unbescape/unbescape/1.1.6.RELEASE/unbescape-1.1.6.RELEASE.jar:/Users/guillaumebrenot/.m2/repository/org/thymeleaf/extras/thymeleaf-extras-java8time/3.0.4.RELEASE/thymeleaf-extras-java8time-3.0.4.RELEASE.jar:/Users/guillaumebrenot/.m2/repository/org/thymeleaf/extras/thymeleaf-extras-springsecurity5/3.0.4.RELEASE/thymeleaf-extras-springsecurity5-3.0.4.RELEASE.jar:/Users/guillaumebrenot/.m2/repository/org/slf4j/slf4j-api/1.7.32/slf4j-api-1.7.32.jar:/Users/guillaumebrenot/.m2/repository/org/springframework/boot/spring-boot-starter-security/2.6.2/spring-boot-starter-security-2.6.2.jar:/Users/guillaumebrenot/.m2/repository/org/springframework/spring-aop/5.3.14/spring-aop-5.3.14.jar:/Users/guillaumebrenot/.m2/repository/org/springframework/security/spring-security-config/5.6.1/spring-security-config-5.6.1.jar:/Users/guillaumebrenot/.m2/repository/org/springframework/security/spring-security-web/5.6.1/spring-security-web-5.6.1.jar:/Users/guillaumebrenot/.m2/repository/org/springframework/security/spring-security-oauth2-client/5.6.2/spring-security-oauth2-client-5.6.2.jar:/Users/guillaumebrenot/.m2/repository/org/springframework/security/spring-security-core/5.6.1/spring-security-core-5.6.1.jar:/Users/guillaumebrenot/.m2/repository/org/springframework/security/spring-security-crypto/5.6.1/spring-security-crypto-5.6.1.jar:/Users/guillaumebrenot/.m2/repository/org/springframework/security/spring-security-oauth2-core/5.6.1/spring-security-oauth2-core-5.6.1.jar:/Users/guillaumebrenot/.m2/repository/org/springframework/spring-core/5.3.14/spring-core-5.3.14.jar:/Users/guillaumebrenot/.m2/repository/org/springframework/spring-jcl/5.3.14/spring-jcl-5.3.14.jar:/Users/guillaumebrenot/.m2/repository/com/nimbusds/oauth2-oidc-sdk/9.19/oauth2-oidc-sdk-9.19.jar:/Users/guillaumebrenot/.m2/repository/com/github/stephenc/jcip/jcip-annotations/1.0-1/jcip-annotations-1.0-1.jar:/Users/guillaumebrenot/.m2/repository/com/nimbusds/content-type/2.1/content-type-2.1.jar:/Users/guillaumebrenot/.m2/repository/net/minidev/json-smart/2.4.7/json-smart-2.4.7.jar:/Users/guillaumebrenot/.m2/repository/net/minidev/accessors-smart/2.4.7/accessors-smart-2.4.7.jar:/Users/guillaumebrenot/.m2/repository/com/nimbusds/lang-tag/1.5/lang-tag-1.5.jar:/Users/guillaumebrenot/.m2/repository/com/nimbusds/nimbus-jose-jwt/9.14/nimbus-jose-jwt-9.14.jar:/Users/guillaumebrenot/.m2/repository/org/springframework/boot/spring-boot-starter-test/2.6.2/spring-boot-starter-test-2.6.2.jar:/Users/guillaumebrenot/.m2/repository/org/springframework/boot/spring-boot-test-autoconfigure/2.6.2/spring-boot-test-autoconfigure-2.6.2.jar:/Users/guillaumebrenot/.m2/repository/com/jayway/jsonpath/json-path/2.6.0/json-path-2.6.0.jar:/Users/guillaumebrenot/.m2/repository/jakarta/xml/bind/jakarta.xml.bind-api/2.3.3/jakarta.xml.bind-api-2.3.3.jar:/Users/guillaumebrenot/.m2/repository/jakarta/activation/jakarta.activation-api/1.2.2/jakarta.activation-api-1.2.2.jar:/Users/guillaumebrenot/.m2/repository/org/assertj/assertj-core/3.21.0/assertj-core-3.21.0.jar:/Users/guillaumebrenot/.m2/repository/org/hamcrest/hamcrest/2.2/hamcrest-2.2.jar:/Users/guillaumebrenot/.m2/repository/org/junit/jupiter/junit-jupiter/5.8.2/junit-jupiter-5.8.2.jar:/Users/guillaumebrenot/.m2/repository/org/junit/jupiter/junit-jupiter-api/5.8.2/junit-jupiter-api-5.8.2.jar:/Users/guillaumebrenot/.m2/repository/org/opentest4j/opentest4j/1.2.0/opentest4j-1.2.0.jar:/Users/guillaumebrenot/.m2/repository/org/junit/platform/junit-platform-commons/1.8.2/junit-platform-commons-1.8.2.jar:/Users/guillaumebrenot/.m2/repository/org/junit/jupiter/junit-jupiter-params/5.8.2/junit-jupiter-params-5.8.2.jar:/Users/guillaumebrenot/.m2/repository/org/junit/jupiter/junit-jupiter-engine/5.8.2/junit-jupiter-engine-5.8.2.jar:/Users/guillaumebrenot/.m2/repository/org/mockito/mockito-core/4.0.0/mockito-core-4.0.0.jar:/Users/guillaumebrenot/.m2/repository/net/bytebuddy/byte-buddy-agent/1.11.22/byte-buddy-agent-1.11.22.jar:/Users/guillaumebrenot/.m2/repository/org/objenesis/objenesis/3.2/objenesis-3.2.jar:/Users/guillaumebrenot/.m2/repository/org/mockito/mockito-junit-jupiter/4.0.0/mockito-junit-jupiter-4.0.0.jar:/Users/guillaumebrenot/.m2/repository/org/skyscreamer/jsonassert/1.5.0/jsonassert-1.5.0.jar:/Users/guillaumebrenot/.m2/repository/com/vaadin/external/google/android-json/0.0.20131108.vaadin1/android-json-0.0.20131108.vaadin1.jar:/Users/guillaumebrenot/.m2/repository/org/springframework/spring-test/5.3.14/spring-test-5.3.14.jar:/Users/guillaumebrenot/.m2/repository/org/xmlunit/xmlunit-core/2.8.4/xmlunit-core-2.8.4.jar:/Users/guillaumebrenot/.m2/repository/org/springframework/boot/spring-boot-devtools/2.6.2/spring-boot-devtools-2.6.2.jar:/Users/guillaumebrenot/.m2/repository/org/springframework/boot/spring-boot/2.6.2/spring-boot-2.6.2.jar:/Users/guillaumebrenot/.m2/repository/org/springframework/boot/spring-boot-autoconfigure/2.6.2/spring-boot-autoconfigure-2.6.2.jar:/Users/guillaumebrenot/.m2/repository/mysql/mysql-connector-java/8.0.27/mysql-connector-java-8.0.27.jar:/Users/guillaumebrenot/.m2/repository/org/springframework/boot/spring-boot-test/2.6.2/spring-boot-test-2.6.2.jar:/Users/guillaumebrenot/.m2/repository/org/springframework/security/spring-security-test/5.6.2/spring-security-test-5.6.2.jar:/Users/guillaumebrenot/.m2/repository/com/h2database/h2/1.4.200/h2-1.4.200.jar:/Users/guillaumebrenot/.m2/repository/javax/validation/validation-api/2.0.1.Final/validation-api-2.0.1.Final.jar:/Users/guillaumebrenot/.m2/repository/org/passay/passay/1.6.1/passay-1.6.1.jar:/Users/guillaumebrenot/.m2/repository/org/jetbrains/annotations/23.0.0/annotations-23.0.0.jar:/Users/guillaumebrenot/.m2/repository/junit/junit/4.13.2/junit-4.13.2.jar:/Users/guillaumebrenot/.m2/repository/org/hamcrest/hamcrest-core/2.2/hamcrest-core-2.2.jar:/Users/guillaumebrenot/.m2/repository/org/junit/platform/junit-platform-surefire-provider/1.3.2/junit-platform-surefire-provider-1.3.2.jar:/Users/guillaumebrenot/.m2/repository/org/apiguardian/apiguardian-api/1.0.0/apiguardian-api-1.0.0.jar:/Users/guillaumebrenot/.m2/repository/org/junit/platform/junit-platform-launcher/1.8.2/junit-platform-launcher-1.8.2.jar:/Users/guillaumebrenot/.m2/repository/org/junit/platform/junit-platform-engine/1.8.2/junit-platform-engine-1.8.2.jar:/Users/guillaumebrenot/.m2/repository/org/apache/maven/surefire/surefire-api/2.22.0/surefire-api-2.22.0.jar:/Users/guillaumebrenot/.m2/repository/org/apache/maven/surefire/surefire-logger-api/2.22.0/surefire-logger-api-2.22.0.jar:/Users/guillaumebrenot/.m2/repository/org/apache/maven/surefire/common-java5/2.22.0/common-java5-2.22.0.jar:/Users/guillaumebrenot/.m2/repository/org/apache/maven/plugins/maven-assembly-plugin/3.3.0/maven-assembly-plugin-3.3.0.jar:/Users/guillaumebrenot/.m2/repository/org/apache/maven/maven-plugin-api/3.0/maven-plugin-api-3.0.jar:/Users/guillaumebrenot/.m2/repository/org/sonatype/sisu/sisu-inject-plexus/1.4.2/sisu-inject-plexus-1.4.2.jar:/Users/guillaumebrenot/.m2/repository/org/sonatype/sisu/sisu-inject-bean/1.4.2/sisu-inject-bean-1.4.2.jar:/Users/guillaumebrenot/.m2/repository/org/sonatype/sisu/sisu-guice/2.1.7/sisu-guice-2.1.7-noaop.jar:/Users/guillaumebrenot/.m2/repository/org/apache/maven/maven-core/3.0/maven-core-3.0.jar:/Users/guillaumebrenot/.m2/repository/org/apache/maven/maven-settings-builder/3.0/maven-settings-builder-3.0.jar:/Users/guillaumebrenot/.m2/repository/org/apache/maven/maven-model-builder/3.0/maven-model-builder-3.0.jar:/Users/guillaumebrenot/.m2/repository/org/apache/maven/maven-aether-provider/3.0/maven-aether-provider-3.0.jar:/Users/guillaumebrenot/.m2/repository/org/sonatype/aether/aether-impl/1.7/aether-impl-1.7.jar:/Users/guillaumebrenot/.m2/repository/org/sonatype/aether/aether-spi/1.7/aether-spi-1.7.jar:/Users/guillaumebrenot/.m2/repository/org/sonatype/aether/aether-api/1.7/aether-api-1.7.jar:/Users/guillaumebrenot/.m2/repository/org/sonatype/aether/aether-util/1.7/aether-util-1.7.jar:/Users/guillaumebrenot/.m2/repository/org/codehaus/plexus/plexus-classworlds/2.2.3/plexus-classworlds-2.2.3.jar:/Users/guillaumebrenot/.m2/repository/org/codehaus/plexus/plexus-component-annotations/1.5.5/plexus-component-annotations-1.5.5.jar:/Users/guillaumebrenot/.m2/repository/org/sonatype/plexus/plexus-sec-dispatcher/1.3/plexus-sec-dispatcher-1.3.jar:/Users/guillaumebrenot/.m2/repository/org/sonatype/plexus/plexus-cipher/1.4/plexus-cipher-1.4.jar:/Users/guillaumebrenot/.m2/repository/org/apache/maven/maven-artifact/3.0/maven-artifact-3.0.jar:/Users/guillaumebrenot/.m2/repository/org/apache/maven/maven-model/3.0/maven-model-3.0.jar:/Users/guillaumebrenot/.m2/repository/org/apache/maven/shared/maven-common-artifact-filters/3.1.0/maven-common-artifact-filters-3.1.0.jar:/Users/guillaumebrenot/.m2/repository/org/apache/maven/shared/maven-artifact-transfer/0.11.0/maven-artifact-transfer-0.11.0.jar:/Users/guillaumebrenot/.m2/repository/org/codehaus/plexus/plexus-interpolation/1.25/plexus-interpolation-1.25.jar:/Users/guillaumebrenot/.m2/repository/org/codehaus/plexus/plexus-archiver/4.2.1/plexus-archiver-4.2.1.jar:/Users/guillaumebrenot/.m2/repository/org/apache/commons/commons-compress/1.19/commons-compress-1.19.jar:/Users/guillaumebrenot/.m2/repository/org/iq80/snappy/snappy/0.4/snappy-0.4.jar:/Users/guillaumebrenot/.m2/repository/org/tukaani/xz/1.8/xz-1.8.jar:/Users/guillaumebrenot/.m2/repository/org/apache/maven/shared/file-management/3.0.0/file-management-3.0.0.jar:/Users/guillaumebrenot/.m2/repository/org/apache/maven/shared/maven-shared-io/3.0.0/maven-shared-io-3.0.0.jar:/Users/guillaumebrenot/.m2/repository/org/apache/maven/maven-compat/3.0/maven-compat-3.0.jar:/Users/guillaumebrenot/.m2/repository/org/apache/maven/wagon/wagon-provider-api/2.10/wagon-provider-api-2.10.jar:/Users/guillaumebrenot/.m2/repository/commons-io/commons-io/2.5/commons-io-2.5.jar:/Users/guillaumebrenot/.m2/repository/org/apache/maven/shared/maven-filtering/3.1.1/maven-filtering-3.1.1.jar:/Users/guillaumebrenot/.m2/repository/org/sonatype/plexus/plexus-build-api/0.0.7/plexus-build-api-0.0.7.jar:/Users/guillaumebrenot/.m2/repository/org/codehaus/plexus/plexus-io/3.2.0/plexus-io-3.2.0.jar:/Users/guillaumebrenot/.m2/repository/org/apache/maven/maven-archiver/3.5.0/maven-archiver-3.5.0.jar:/Users/guillaumebrenot/.m2/repository/org/codehaus/plexus/plexus-utils/3.3.0/plexus-utils-3.3.0.jar:/Users/guillaumebrenot/.m2/repository/commons-codec/commons-codec/1.15/commons-codec-1.15.jar:/Users/guillaumebrenot/.m2/repository/org/apache/maven/plugins/maven-project-info-reports-plugin/3.2.2/maven-project-info-reports-plugin-3.2.2.jar:/Users/guillaumebrenot/.m2/repository/org/apache/maven/reporting/maven-reporting-api/3.1.0/maven-reporting-api-3.1.0.jar:/Users/guillaumebrenot/.m2/repository/org/apache/maven/reporting/maven-reporting-impl/3.1.0/maven-reporting-impl-3.1.0.jar:/Users/guillaumebrenot/.m2/repository/org/apache/maven/maven-repository-metadata/3.0/maven-repository-metadata-3.0.jar:/Users/guillaumebrenot/.m2/repository/org/apache/maven/maven-settings/3.0/maven-settings-3.0.jar:/Users/guillaumebrenot/.m2/repository/org/apache/maven/shared/maven-dependency-tree/2.2/maven-dependency-tree-2.2.jar:/Users/guillaumebrenot/.m2/repository/org/eclipse/aether/aether-util/0.9.0.M2/aether-util-0.9.0.M2.jar:/Users/guillaumebrenot/.m2/repository/org/apache/maven/shared/maven-shared-utils/3.3.3/maven-shared-utils-3.3.3.jar:/Users/guillaumebrenot/.m2/repository/org/apache/maven/shared/maven-shared-jar/1.2/maven-shared-jar-1.2.jar:/Users/guillaumebrenot/.m2/repository/org/codehaus/plexus/plexus-digest/1.0/plexus-digest-1.0.jar:/Users/guillaumebrenot/.m2/repository/org/apache/bcel/bcel/6.2/bcel-6.2.jar:/Users/guillaumebrenot/.m2/repository/org/apache/maven/scm/maven-scm-api/1.12.2/maven-scm-api-1.12.2.jar:/Users/guillaumebrenot/.m2/repository/org/apache/maven/scm/maven-scm-manager-plexus/1.12.2/maven-scm-manager-plexus-1.12.2.jar:/Users/guillaumebrenot/.m2/repository/org/apache/maven/scm/maven-scm-provider-hg/1.12.2/maven-scm-provider-hg-1.12.2.jar:/Users/guillaumebrenot/.m2/repository/org/apache/maven/scm/maven-scm-provider-perforce/1.12.2/maven-scm-provider-perforce-1.12.2.jar:/Users/guillaumebrenot/.m2/repository/org/apache/maven/scm/maven-scm-provider-starteam/1.12.2/maven-scm-provider-starteam-1.12.2.jar:/Users/guillaumebrenot/.m2/repository/org/apache/maven/scm/maven-scm-provider-svn-commons/1.12.2/maven-scm-provider-svn-commons-1.12.2.jar:/Users/guillaumebrenot/.m2/repository/org/apache/maven/scm/maven-scm-provider-svnexe/1.12.2/maven-scm-provider-svnexe-1.12.2.jar:/Users/guillaumebrenot/.m2/repository/org/apache/maven/scm/maven-scm-provider-cvs-commons/1.12.2/maven-scm-provider-cvs-commons-1.12.2.jar:/Users/guillaumebrenot/.m2/repository/org/apache/maven/scm/maven-scm-provider-cvsexe/1.12.2/maven-scm-provider-cvsexe-1.12.2.jar:/Users/guillaumebrenot/.m2/repository/org/apache/maven/scm/maven-scm-provider-cvsjava/1.12.2/maven-scm-provider-cvsjava-1.12.2.jar:/Users/guillaumebrenot/.m2/repository/org/netbeans/lib/cvsclient/20060125/cvsclient-20060125.jar:/Users/guillaumebrenot/.m2/repository/ch/ethz/ganymed/ganymed-ssh2/build210/ganymed-ssh2-build210.jar:/Users/guillaumebrenot/.m2/repository/org/apache/maven/scm/maven-scm-provider-git-commons/1.12.2/maven-scm-provider-git-commons-1.12.2.jar:/Users/guillaumebrenot/.m2/repository/org/apache/maven/scm/maven-scm-provider-gitexe/1.12.2/maven-scm-provider-gitexe-1.12.2.jar:/Users/guillaumebrenot/.m2/repository/org/apache/maven/doxia/doxia-sink-api/1.11.1/doxia-sink-api-1.11.1.jar:/Users/guillaumebrenot/.m2/repository/org/apache/maven/doxia/doxia-logging-api/1.11.1/doxia-logging-api-1.11.1.jar:/Users/guillaumebrenot/.m2/repository/org/apache/maven/doxia/doxia-core/1.11.1/doxia-core-1.11.1.jar:/Users/guillaumebrenot/.m2/repository/org/apache/commons/commons-text/1.3/commons-text-1.3.jar:/Users/guillaumebrenot/.m2/repository/org/apache/httpcomponents/httpclient/4.5.13/httpclient-4.5.13.jar:/Users/guillaumebrenot/.m2/repository/org/apache/httpcomponents/httpcore/4.4.15/httpcore-4.4.15.jar:/Users/guillaumebrenot/.m2/repository/org/apache/maven/doxia/doxia-decoration-model/1.11.1/doxia-decoration-model-1.11.1.jar:/Users/guillaumebrenot/.m2/repository/org/apache/maven/doxia/doxia-site-renderer/1.11.1/doxia-site-renderer-1.11.1.jar:/Users/guillaumebrenot/.m2/repository/org/apache/maven/doxia/doxia-skin-model/1.11.1/doxia-skin-model-1.11.1.jar:/Users/guillaumebrenot/.m2/repository/org/apache/maven/doxia/doxia-module-xhtml/1.11.1/doxia-module-xhtml-1.11.1.jar:/Users/guillaumebrenot/.m2/repository/org/apache/maven/doxia/doxia-module-xhtml5/1.11.1/doxia-module-xhtml5-1.11.1.jar:/Users/guillaumebrenot/.m2/repository/org/codehaus/plexus/plexus-velocity/1.2/plexus-velocity-1.2.jar:/Users/guillaumebrenot/.m2/repository/org/apache/velocity/velocity/1.7/velocity-1.7.jar:/Users/guillaumebrenot/.m2/repository/org/apache/velocity/velocity-tools/2.0/velocity-tools-2.0.jar:/Users/guillaumebrenot/.m2/repository/dom4j/dom4j/1.1/dom4j-1.1.jar:/Users/guillaumebrenot/.m2/repository/oro/oro/2.0.8/oro-2.0.8.jar:/Users/guillaumebrenot/.m2/repository/org/apache/maven/doxia/doxia-integration-tools/1.11.1/doxia-integration-tools-1.11.1.jar:/Users/guillaumebrenot/.m2/repository/org/codehaus/plexus/plexus-i18n/1.0-beta-10/plexus-i18n-1.0-beta-10.jar:/Users/guillaumebrenot/.m2/repository/commons-validator/commons-validator/1.7/commons-validator-1.7.jar:/Users/guillaumebrenot/.m2/repository/commons-logging/commons-logging/1.2/commons-logging-1.2.jar:/Users/guillaumebrenot/.m2/repository/com/github/spotbugs/spotbugs-maven-plugin/4.6.0.0/spotbugs-maven-plugin-4.6.0.0.jar:/Users/guillaumebrenot/.m2/repository/com/github/spotbugs/spotbugs/4.6.0/spotbugs-4.6.0.jar:/Users/guillaumebrenot/.m2/repository/net/jcip/jcip-annotations/1.0/jcip-annotations-1.0.jar:/Users/guillaumebrenot/.m2/repository/org/dom4j/dom4j/2.1.3/dom4j-2.1.3.jar:/Users/guillaumebrenot/.m2/repository/com/github/spotbugs/spotbugs-annotations/4.6.0/spotbugs-annotations-4.6.0.jar:/Users/guillaumebrenot/.m2/repository/com/google/code/findbugs/jsr305/3.0.2/jsr305-3.0.2.jar:/Users/guillaumebrenot/.m2/repository/com/google/code/gson/gson/2.8.9/gson-2.8.9.jar:/Users/guillaumebrenot/.m2/repository/jaxen/jaxen/1.2.0/jaxen-1.2.0.jar:/Users/guillaumebrenot/.m2/repository/net/sf/saxon/Saxon-HE/10.6/Saxon-HE-10.6.jar:/Users/guillaumebrenot/.m2/repository/org/slf4j/jcl-over-slf4j/1.7.32/jcl-over-slf4j-1.7.32.jar:/Users/guillaumebrenot/.m2/repository/org/slf4j/slf4j-simple/1.7.32/slf4j-simple-1.7.32.jar:/Users/guillaumebrenot/.m2/repository/org/apache/ant/ant/1.10.12/ant-1.10.12.jar:/Users/guillaumebrenot/.m2/repository/org/apache/ant/ant-launcher/1.10.12/ant-launcher-1.10.12.jar:/Users/guillaumebrenot/.m2/repository/org/apache/groovy/groovy/4.0.1/groovy-4.0.1.jar:/Users/guillaumebrenot/.m2/repository/org/apache/groovy/groovy-ant/4.0.1/groovy-ant-4.0.1.jar:/Users/guillaumebrenot/.m2/repository/org/apache/groovy/groovy-groovydoc/4.0.1/groovy-groovydoc-4.0.1.jar:/Users/guillaumebrenot/.m2/repository/org/apache/groovy/groovy-dateutil/4.0.1/groovy-dateutil-4.0.1.jar:/Users/guillaumebrenot/.m2/repository/org/apache/groovy/groovy-docgenerator/4.0.1/groovy-docgenerator-4.0.1.jar:/Users/guillaumebrenot/.m2/repository/com/thoughtworks/qdox/qdox/1.12.1/qdox-1.12.1.jar:/Users/guillaumebrenot/.m2/repository/org/apache/groovy/groovy-json/4.0.1/groovy-json-4.0.1.jar:/Users/guillaumebrenot/.m2/repository/org/apache/groovy/groovy-templates/4.0.1/groovy-templates-4.0.1.jar:/Users/guillaumebrenot/.m2/repository/org/apache/groovy/groovy-xml/4.0.1/groovy-xml-4.0.1.jar:/Users/guillaumebrenot/.m2/repository/commons-beanutils/commons-beanutils/1.9.4/commons-beanutils-1.9.4.jar:/Users/guillaumebrenot/.m2/repository/commons-chain/commons-chain/1.2/commons-chain-1.2.jar:/Users/guillaumebrenot/.m2/repository/commons-collections/commons-collections/3.2.2/commons-collections-3.2.2.jar:/Users/guillaumebrenot/.m2/repository/commons-digester/commons-digester/2.1/commons-digester-2.1.jar:/Users/guillaumebrenot/.m2/repository/commons-lang/commons-lang/2.6/commons-lang-2.6.jar:/Users/guillaumebrenot/.m2/repository/org/apache/commons/commons-lang3/3.12.0/commons-lang3-3.12.0.jar:/Users/guillaumebrenot/.m2/repository/org/codehaus/plexus/plexus-container-default/2.1.1/plexus-container-default-2.1.1.jar:/Users/guillaumebrenot/.m2/repository/org/apache/xbean/xbean-reflect/3.7/xbean-reflect-3.7.jar:/Users/guillaumebrenot/.m2/repository/org/codehaus/plexus/plexus-resources/1.2.0/plexus-resources-1.2.0.jar:/Users/guillaumebrenot/.m2/repository/javax/inject/javax.inject/1/javax.inject-1.jar:/Users/guillaumebrenot/.m2/repository/org/ow2/asm/asm/9.2/asm-9.2.jar:/Users/guillaumebrenot/.m2/repository/org/ow2/asm/asm-analysis/9.2/asm-analysis-9.2.jar:/Users/guillaumebrenot/.m2/repository/org/ow2/asm/asm-commons/9.2/asm-commons-9.2.jar:/Users/guillaumebrenot/.m2/repository/org/ow2/asm/asm-tree/9.2/asm-tree-9.2.jar:/Users/guillaumebrenot/.m2/repository/org/ow2/asm/asm-util/9.2/asm-util-9.2.jar:/Users/guillaumebrenot/.m2/repository/org/jacoco/jacoco-maven-plugin/0.8.7/jacoco-maven-plugin-0.8.7.jar:/Users/guillaumebrenot/.m2/repository/org/jacoco/org.jacoco.agent/0.8.7/org.jacoco.agent-0.8.7-runtime.jar:/Users/guillaumebrenot/.m2/repository/org/jacoco/org.jacoco.core/0.8.7/org.jacoco.core-0.8.7.jar:/Users/guillaumebrenot/.m2/repository/org/jacoco/org.jacoco.report/0.8.7/org.jacoco.report-0.8.7.jar:"/>
    <property name="sun.cpu.endian" value="little"/>
    <property name="user.home" value="/Users/guillaumebrenot"/>
    <property name="user.language" value="fr"/>
    <property name="java.specification.vendor" value="Oracle Corporation"/>
    <property name="java.version.date" value="2021-04-20"/>
    <property name="java.home" value="/Library/Java/JavaVirtualMachines/adoptopenjdk-11.jdk/Contents/Home"/>
    <property name="file.separator" value="/"/>
    <property name="basedir" value="/Users/guillaumebrenot/Git/Poseiden-Inc"/>
    <property name="java.vm.compressedOopsMode" value="Zero based"/>
    <property name="line.separator" value="&#10;"/>
    <property name="java.specification.name" value="Java Platform API Specification"/>
    <property name="java.vm.specification.vendor" value="Oracle Corporation"/>
    <property name="java.awt.graphicsenv" value="sun.awt.CGraphicsEnvironment"/>
    <property name="surefire.real.class.path" value="/Users/guillaumebrenot/Git/Poseiden-Inc/target/surefire/surefirebooter15789282824188136141.jar"/>
    <property name="sun.management.compiler" value="HotSpot 64-Bit Tiered Compilers"/>
    <property name="ftp.nonProxyHosts" value="local|*.local|169.254/16|*.169.254/16"/>
    <property name="java.runtime.version" value="11.0.11+9"/>
    <property name="user.name" value="guillaumebrenot"/>
    <property name="path.separator" value=":"/>
    <property name="os.version" value="11.3"/>
    <property name="java.runtime.name" value="OpenJDK Runtime Environment"/>
    <property name="file.encoding" value="UTF-8"/>
    <property name="java.vm.name" value="OpenJDK 64-Bit Server VM"/>
    <property name="java.vendor.version" value="AdoptOpenJDK-11.0.11+9"/>
    <property name="localRepository" value="/Users/guillaumebrenot/.m2/repository"/>
    <property name="java.vendor.url.bug" value="https://github.com/AdoptOpenJDK/openjdk-support/issues"/>
    <property name="java.io.tmpdir" value="/var/folders/p1/thlbkwfj62x84n11c8y1pl8w0000gn/T/"/>
    <property name="java.version" value="11.0.11"/>
    <property name="user.dir" value="/Users/guillaumebrenot/Git/Poseiden-Inc"/>
    <property name="os.arch" value="x86_64"/>
    <property name="java.vm.specification.name" value="Java Virtual Machine Specification"/>
    <property name="java.awt.printerjob" value="sun.lwawt.macosx.CPrinterJob"/>
    <property name="sun.os.patch.level" value="unknown"/>
    <property name="java.library.path" value="/Users/guillaumebrenot/Library/Java/Extensions:/Library/Java/Extensions:/Network/Library/Java/Extensions:/System/Library/Java/Extensions:/usr/lib/java:."/>
    <property name="java.vm.info" value="mixed mode"/>
    <property name="java.vendor" value="AdoptOpenJDK"/>
    <property name="java.vm.version" value="11.0.11+9"/>
    <property name="sun.io.unicode.encoding" value="UnicodeBig"/>
    <property name="java.class.version" value="55.0"/>
    <property name="socksNonProxyHosts" value="local|*.local|169.254/16|*.169.254/16"/>
  </properties>
  <testcase name="contextLoads" classname="com.nnk.springboot.PoseidenApplicationTest" time="0.082"/>
</testsuite>